<?xml version="1.0" encoding="UTF-8"?>
<testsuite name="JUnit.AbonentDAOTest" tests="1" skipped="0" failures="0" errors="0" timestamp="2019-05-11T22:11:08" hostname="alex-Vostro-15-3568" time="0.001">
  <properties/>
  <testcase name="getAbonentFromDB" classname="JUnit.AbonentDAOTest" time="0.001"/>
  <system-out><![CDATA[]]></system-out>
  <system-err><![CDATA[]]></system-err>
</testsuite>
